<?xml version="1.0" encoding="UTF-8"?>
<!-- Generated by org.testng.reporters.JUnitReportReporter -->
<testsuite hostname="VishShri" name="TestNGDemo.TestngEx1" tests="1" failures="0" timestamp="5 Mar 2016 23:55:39 GMT" time="0.016" errors="0">
  <testcase name="testPrime" time="0.016" classname="TestNGDemo.TestngEx1"/>
</testsuite> <!-- TestNGDemo.TestngEx1 -->
